<?xml version="1.0" encoding="UTF-8"?>
<!-- Generated by org.testng.reporters.JUnitXMLReporter -->
<testsuite ignored="0" hostname="CHAKRI" failures="0" tests="4" name="Default test" time="18.135" errors="0" timestamp="2023-10-13T18:36:05 IST">
  <testcase classname="com.ninja.qa.TestPages.HomePageTest" name="testTitle" time="0.014"/>
  <testcase classname="com.ninja.qa.TestPages.HomePageTest" name="testRegisterLink" time="1.522"/>
  <testcase classname="com.ninja.qa.TestPages.HomePageTest" name="testLoginLink" time="0.23"/>
  <testcase classname="com.ninja.qa.TestPages.HomePageTest" name="testMacLink" time="2.023"/>
</testsuite> <!-- Default test -->
