<?xml version="1.0" encoding="UTF-8"?>
<!-- Generated by org.testng.reporters.JUnitXMLReporter -->
<testsuite ignored="2" hostname="CHAKRI" failures="0" tests="1" name="Test WikiPage" time="0.043" errors="0" timestamp="2023-10-10T09:47:17 IST">
  <testcase classname="com.app.TestNG.Extentreports.BaseTest" name="@BeforeTest openBrowser" time="-1.696911437355E9">
    <skipped/>
  </testcase> <!-- @BeforeTest openBrowser -->
  <testcase classname="com.app.TestNG.Extentreports.BaseTest" name="@AfterMethod generateTestStatus" time="-1.696911437393E9">
    <skipped/>
  </testcase> <!-- @AfterMethod generateTestStatus -->
  <testcase classname="com.app.TestNG.Extentreports.BaseTest" name="@AfterTest closebrowser" time="-1.696911437396E9">
    <skipped/>
  </testcase> <!-- @AfterTest closebrowser -->
  <testcase classname="com.app.TestNG.Extentreports.TestClass" name="method1" time="0.0">
    <skipped/>
  </testcase> <!-- method1 -->
  <testcase classname="com.app.TestNG.Extentreports.TestClass" name="method2" time="0.0">
    <ignored/>
  </testcase> <!-- method2 -->
  <testcase classname="com.app.TestNG.Extentreports.TestClass" name="method3" time="0.0">
    <ignored/>
  </testcase> <!-- method3 -->
</testsuite> <!-- Test WikiPage -->
