<?xml version="1.0" encoding="UTF-8"?>
<!-- Generated by org.testng.reporters.JUnitXMLReporter -->
<testsuite ignored="2" hostname="CHAKRI" failures="0" tests="1" name="Test rediffPage" time="0.006" errors="0" timestamp="2023-10-10T09:47:17 IST">
  <testcase classname="com.app.TestNG.Extentreports.BaseTest" name="@BeforeSuite InitalizeExtentReport" time="0.024">
    <failure type="java.lang.NullPointerException" message="Cannot invoke &amp;quot;java.io.File.exists()&amp;quot; because &amp;quot;parentFile&amp;quot; is null">
      <![CDATA[java.lang.NullPointerException: Cannot invoke "java.io.File.exists()" because "parentFile" is null
at com.aventstack.extentreports.reporter.AbstractFileReporter.<init>(AbstractFileReporter.java:45)
at com.aventstack.extentreports.reporter.ExtentSparkReporter.<init>(ExtentSparkReporter.java:51)
at com.app.TestNG.Extentreports.BaseTest.InitalizeExtentReport(BaseTest.java:49)
... Removed 19 stack frames]]>
    </failure>
  </testcase> <!-- @BeforeSuite InitalizeExtentReport -->
  <testcase classname="com.app.TestNG.Extentreports.BaseTest" name="@BeforeTest openBrowser" time="-1.696911437483E9">
    <skipped/>
  </testcase> <!-- @BeforeTest openBrowser -->
  <testcase classname="com.app.TestNG.Extentreports.BaseTest" name="@AfterMethod generateTestStatus" time="-1.696911437487E9">
    <skipped/>
  </testcase> <!-- @AfterMethod generateTestStatus -->
  <testcase classname="com.app.TestNG.Extentreports.BaseTest" name="@AfterTest closebrowser" time="-1.696911437488E9">
    <skipped/>
  </testcase> <!-- @AfterTest closebrowser -->
  <testcase classname="com.app.TestNG.Extentreports.TestClass" name="method3" time="0.0">
    <skipped/>
  </testcase> <!-- method3 -->
  <testcase classname="com.app.TestNG.Extentreports.TestClass" name="method2" time="0.0">
    <ignored/>
  </testcase> <!-- method2 -->
  <testcase classname="com.app.TestNG.Extentreports.TestClass" name="method1" time="0.0">
    <ignored/>
  </testcase> <!-- method1 -->
</testsuite> <!-- Test rediffPage -->
