<?xml version="1.0" encoding="UTF-8"?>
<testng-results ignored="0" total="4" passed="4" failed="0" skipped="0">
  <reporter-output>
  </reporter-output>
  <suite started-at="2023-10-13T18:35:47 IST" name="Default suite" finished-at="2023-10-13T18:36:05 IST" duration-ms="18135">
    <groups>
    </groups>
    <test started-at="2023-10-13T18:35:47 IST" name="Default test" finished-at="2023-10-13T18:36:05 IST" duration-ms="18135">
      <class name="com.ninja.qa.TestPages.HomePageTest">
        <test-method is-config="true" signature="InitalizeExtentReport()[pri:0, instance:com.ninja.qa.TestPages.HomePageTest@31ea9581]" started-at="2023-10-13T18:35:46 IST" name="InitalizeExtentReport" finished-at="2023-10-13T18:35:47 IST" duration-ms="210" status="PASS">
          <reporter-output>
          </reporter-output>
        </test-method> <!-- InitalizeExtentReport -->
        <test-method is-config="true" signature="getnameMethod(org.testng.ITestContext)[pri:0, instance:com.ninja.qa.TestPages.HomePageTest@31ea9581]" started-at="2023-10-13T18:35:47 IST" name="getnameMethod" finished-at="2023-10-13T18:35:47 IST" duration-ms="9" status="PASS">
          <params>
            <param index="0">
              <value>
                <![CDATA[org.testng.TestRunner@180b3819]]>
              </value>
            </param>
          </params>
          <reporter-output>
          </reporter-output>
        </test-method> <!-- getnameMethod -->
        <test-method is-config="true" signature="OpenApp()[pri:0, instance:com.ninja.qa.TestPages.HomePageTest@31ea9581]" started-at="2023-10-13T18:35:47 IST" name="OpenApp" finished-at="2023-10-13T18:35:52 IST" duration-ms="5185" status="PASS">
          <reporter-output>
          </reporter-output>
        </test-method> <!-- OpenApp -->
        <test-method signature="testTitle()[pri:49, instance:com.ninja.qa.TestPages.HomePageTest@31ea9581]" started-at="2023-10-13T18:35:52 IST" name="testTitle" finished-at="2023-10-13T18:35:52 IST" duration-ms="14" status="PASS">
          <reporter-output>
          </reporter-output>
        </test-method> <!-- testTitle -->
        <test-method is-config="true" signature="CloseApp()[pri:0, instance:com.ninja.qa.TestPages.HomePageTest@31ea9581]" started-at="2023-10-13T18:35:52 IST" name="CloseApp" finished-at="2023-10-13T18:35:52 IST" duration-ms="224" status="PASS">
          <reporter-output>
          </reporter-output>
        </test-method> <!-- CloseApp -->
        <test-method is-config="true" signature="generateTestStatus(java.lang.reflect.Method,org.testng.ITestResult)[pri:0, instance:com.ninja.qa.TestPages.HomePageTest@31ea9581]" started-at="2023-10-13T18:35:52 IST" name="generateTestStatus" finished-at="2023-10-13T18:35:52 IST" duration-ms="3" status="PASS">
          <params>
            <param index="0">
              <value>
                <![CDATA[public void com.ninja.qa.TestPages.HomePageTest.testTitle()]]>
              </value>
            </param>
            <param index="1">
              <value>
                <![CDATA[[TestResult name=testTitle status=SUCCESS method=HomePageTest.testTitle()[pri:49, instance:com.ninja.qa.TestPages.HomePageTest@31ea9581] output={null}]]]>
              </value>
            </param>
          </params>
          <reporter-output>
          </reporter-output>
        </test-method> <!-- generateTestStatus -->
        <test-method is-config="true" signature="OpenApp()[pri:0, instance:com.ninja.qa.TestPages.HomePageTest@31ea9581]" started-at="2023-10-13T18:35:52 IST" name="OpenApp" finished-at="2023-10-13T18:35:56 IST" duration-ms="4172" status="PASS">
          <reporter-output>
          </reporter-output>
        </test-method> <!-- OpenApp -->
        <test-method signature="testRegisterLink()[pri:50, instance:com.ninja.qa.TestPages.HomePageTest@31ea9581]" started-at="2023-10-13T18:35:56 IST" name="testRegisterLink" finished-at="2023-10-13T18:35:58 IST" duration-ms="1522" status="PASS">
          <reporter-output>
          </reporter-output>
        </test-method> <!-- testRegisterLink -->
        <test-method is-config="true" signature="CloseApp()[pri:0, instance:com.ninja.qa.TestPages.HomePageTest@31ea9581]" started-at="2023-10-13T18:35:58 IST" name="CloseApp" finished-at="2023-10-13T18:35:58 IST" duration-ms="229" status="PASS">
          <reporter-output>
          </reporter-output>
        </test-method> <!-- CloseApp -->
        <test-method is-config="true" signature="generateTestStatus(java.lang.reflect.Method,org.testng.ITestResult)[pri:0, instance:com.ninja.qa.TestPages.HomePageTest@31ea9581]" started-at="2023-10-13T18:35:58 IST" name="generateTestStatus" finished-at="2023-10-13T18:35:58 IST" duration-ms="1" status="PASS">
          <params>
            <param index="0">
              <value>
                <![CDATA[public void com.ninja.qa.TestPages.HomePageTest.testRegisterLink()]]>
              </value>
            </param>
            <param index="1">
              <value>
                <![CDATA[[TestResult name=testRegisterLink status=SUCCESS method=HomePageTest.testRegisterLink()[pri:50, instance:com.ninja.qa.TestPages.HomePageTest@31ea9581] output={null}]]]>
              </value>
            </param>
          </params>
          <reporter-output>
          </reporter-output>
        </test-method> <!-- generateTestStatus -->
        <test-method is-config="true" signature="OpenApp()[pri:0, instance:com.ninja.qa.TestPages.HomePageTest@31ea9581]" started-at="2023-10-13T18:35:58 IST" name="OpenApp" finished-at="2023-10-13T18:36:00 IST" duration-ms="2039" status="PASS">
          <reporter-output>
          </reporter-output>
        </test-method> <!-- OpenApp -->
        <test-method signature="testLoginLink()[pri:51, instance:com.ninja.qa.TestPages.HomePageTest@31ea9581]" started-at="2023-10-13T18:36:00 IST" name="testLoginLink" finished-at="2023-10-13T18:36:00 IST" duration-ms="230" status="PASS">
          <reporter-output>
          </reporter-output>
        </test-method> <!-- testLoginLink -->
        <test-method is-config="true" signature="CloseApp()[pri:0, instance:com.ninja.qa.TestPages.HomePageTest@31ea9581]" started-at="2023-10-13T18:36:00 IST" name="CloseApp" finished-at="2023-10-13T18:36:00 IST" duration-ms="189" status="PASS">
          <reporter-output>
          </reporter-output>
        </test-method> <!-- CloseApp -->
        <test-method is-config="true" signature="generateTestStatus(java.lang.reflect.Method,org.testng.ITestResult)[pri:0, instance:com.ninja.qa.TestPages.HomePageTest@31ea9581]" started-at="2023-10-13T18:36:00 IST" name="generateTestStatus" finished-at="2023-10-13T18:36:00 IST" duration-ms="1" status="PASS">
          <params>
            <param index="0">
              <value>
                <![CDATA[public void com.ninja.qa.TestPages.HomePageTest.testLoginLink()]]>
              </value>
            </param>
            <param index="1">
              <value>
                <![CDATA[[TestResult name=testLoginLink status=SUCCESS method=HomePageTest.testLoginLink()[pri:51, instance:com.ninja.qa.TestPages.HomePageTest@31ea9581] output={null}]]]>
              </value>
            </param>
          </params>
          <reporter-output>
          </reporter-output>
        </test-method> <!-- generateTestStatus -->
        <test-method is-config="true" signature="OpenApp()[pri:0, instance:com.ninja.qa.TestPages.HomePageTest@31ea9581]" started-at="2023-10-13T18:36:00 IST" name="OpenApp" finished-at="2023-10-13T18:36:03 IST" duration-ms="2071" status="PASS">
          <reporter-output>
          </reporter-output>
        </test-method> <!-- OpenApp -->
        <test-method signature="testMacLink()[pri:52, instance:com.ninja.qa.TestPages.HomePageTest@31ea9581]" started-at="2023-10-13T18:36:03 IST" name="testMacLink" finished-at="2023-10-13T18:36:05 IST" duration-ms="2023" status="PASS">
          <reporter-output>
          </reporter-output>
        </test-method> <!-- testMacLink -->
        <test-method is-config="true" signature="CloseApp()[pri:0, instance:com.ninja.qa.TestPages.HomePageTest@31ea9581]" started-at="2023-10-13T18:36:05 IST" name="CloseApp" finished-at="2023-10-13T18:36:05 IST" duration-ms="185" status="PASS">
          <reporter-output>
          </reporter-output>
        </test-method> <!-- CloseApp -->
        <test-method is-config="true" signature="generateTestStatus(java.lang.reflect.Method,org.testng.ITestResult)[pri:0, instance:com.ninja.qa.TestPages.HomePageTest@31ea9581]" started-at="2023-10-13T18:36:05 IST" name="generateTestStatus" finished-at="2023-10-13T18:36:05 IST" duration-ms="3" status="PASS">
          <params>
            <param index="0">
              <value>
                <![CDATA[public void com.ninja.qa.TestPages.HomePageTest.testMacLink() throws java.lang.InterruptedException]]>
              </value>
            </param>
            <param index="1">
              <value>
                <![CDATA[[TestResult name=testMacLink status=SUCCESS method=HomePageTest.testMacLink()[pri:52, instance:com.ninja.qa.TestPages.HomePageTest@31ea9581] output={null}]]]>
              </value>
            </param>
          </params>
          <reporter-output>
          </reporter-output>
        </test-method> <!-- generateTestStatus -->
        <test-method is-config="true" signature="generateReports()[pri:0, instance:com.ninja.qa.TestPages.HomePageTest@31ea9581]" started-at="2023-10-13T18:36:05 IST" name="generateReports" finished-at="2023-10-13T18:36:06 IST" duration-ms="821" status="PASS">
          <reporter-output>
          </reporter-output>
        </test-method> <!-- generateReports -->
      </class> <!-- com.ninja.qa.TestPages.HomePageTest -->
    </test> <!-- Default test -->
  </suite> <!-- Default suite -->
</testng-results>
